2 212 59
4 168 28 192 2
2 275 42
2 54 98
4 34 50 66 274
3 0 26 196
3 41 6 288
3 167 217 71
3 87 170 176
3 65 117 100
2 85 10
3 184 268 289
3 296 64 219
2 180 16
3 249 70 208
2 216 287
3 88 235 229
3 108 174 31
3 36 177 145
3 116 124 84
3 234 236 46
4 164 222 201 178
4 99 39 199 272
3 33 250 77
3 221 190 247
2 110 258
2 179 181
3 80 101 123
4 103 209 255 153
3 8 23 293
4 72 172 81 132
3 75 160 206
3 4 146 141
3 162 93 265
3 134 185 278
3 159 76 135
3 259 248 37
3 7 224 138
3 148 111 94
4 294 82 238 9
3 246 68 262
3 286 32 104
3 203 147 256
3 299 282 257
3 276 5 1
3 133 157 12
4 210 128 45 251
3 220 3 20
3 62 122 205
5 24 113 27 182 165
3 260 195 279
3 127 14 264
3 161 214 242
3 13 121 67
3 92 158 142
3 137 140 215
3 136 102 228
4 58 230 283 30
2 95 11
3 285 51 149
3 150 118 126
3 15 61 155
3 227 241 43
2 225 114
2 290 271
4 218 202 266 169
4 193 91 269 194
3 144 73 240
2 74 48
3 18 237 143
4 187 86 115 69
4 56 281 119 183
3 273 239 297
3 107 295 270
2 38 89
2 213 186
3 63 291 49
3 105 40 280
3 171 204 120
4 263 29 35 189
2 57 83
3 261 253 47
3 267 197 173
3 125 22 252
3 200 298 52
2 245 292
3 156 25 130
3 19 163 152
3 60 244 17
4 198 254 55 211
3 79 109 106
2 226 112
4 44 277 139 233
3 129 284 154
3 232 90 97
3 166 207 231
3 21 243 151
2 188 131
2 96 223
4 53 191 78 175
