3 7024 4400 2447
2 574 2535
2 699 9567
3 6373 1601 6814
3 3545 7973 4805
4 5037 4359 6784 4774
4 4131 8866 508 8069
3 8727 814 4906
2 2355 8916
4 7787 9059 2048 2227
2 7706 9456
2 9213 5733
3 5439 5003 1405
2 7329 9472
2 9035 6971
2 1523 1293
3 4217 1537 3345
2 1546 5164
4 640 5781 4476 9173
3 336 155 7522
4 2036 4815 8669 1402
2 4479 4098
5 4525 1776 7507 8298 8410
2 6796 7503
3 4609 8363 5314
4 3503 3083 240 644
2 6579 4187
2 4513 9697
3 8100 2578 9704
2 3243 5606
2 7766 5615
4 320 7842 5451 9233
3 5649 1634 22
4 2533 5954 2892 4921
2 1860 7287
4 9299 1006 710 3440
4 9953 3117 3121 5636
2 370 9431
3 1384 923 3640
3 3102 7479 9444
2 4733 8021
3 7481 3479 8355
4 2922 5616 1886 1202
2 2636 4968
2 6896 6127
3 7035 5126 5297
3 38 3692 6689
2 8053 9880
2 1158 9851
2 9107 9345
3 147 9689 7462
2 9274 7888
3 9421 7445 7859
3 9190 1147 7264
3 7795 9780 8444
3 5821 5207 50
4 9934 1895 826 6542
2 6995 3373
2 7692 7034
6 1448 8285 5694 793 7030 6791
4 8655 8518 1030 1747
4 4551 6775 7597 9625
4 7533 6605 8214 7080
2 3701 6333
2 5230 1930
2 3311 8296
2 6826 9577
2 6664 7637
3 692 6300 7082
2 1345 8389
3 4412 180 4560
2 7499 7446
4 5063 727 8507 6806
5 5199 8341 7098 7669 2532
2 7505 474
2 202 9609
2 1247 975
2 5895 3271
4 2563 7749 2042 4022
2 3856 7928
4 7615 4456 5497 6607
