10 8703 1689 4815 8747 4585 2900 6222 1864 3930 1620
9 606 3294 1524 989 2077 1352 2979 7037 461
10 375 7553 4575 9297 8093 3038 8151 1846 3165 5951
8 6198 2422 248 9353 8445 1182 8687 1101
7 563 6125 210 7092 595 4756 2011
8 6831 7082 4761 4973 2059 5082 1880 6041
8 5769 8020 8254 3615 2999 5382 8237 5074
9 8329 6457 4421 3375 5352 5838 7761 1455 5847
6 5860 3918 6804 9696 9483 8659
9 9888 666 98 5779 378 6024 1189 9388 7984
8 7499 2589 8548 9045 3740 5433 9475 6272
6 2384 3666 5267 5409 7745 1256
8 519 696 457 1655 8110 444 7812 7837
9 6663 3249 5006 3462 1386 9702 5662 9858 821
5 9409 8227 2585 7456 8062
6 1135 8772 2140 8615 3685 9912
9 9325 4511 9012 4629 1324 7642 4441 4623 1458
7 7913 9965 267 6357 4344 4552 3373
8 5235 7293 3865 839 7277 1079 4027 7659
10 7957 7846 1527 4107 832 8412 4477 508 8780 4105
8 3444 7114 6004 3073 172 6512 6188 1415
4 3654 6645 6537 853
6 2061 9985 5732 7174 2527 8984
10 8477 8425 3430 9628 5888 4869 6647 2110 2989 7576
5 4855 6189 8699 4011 4792
7 6541 7224 3875 6352 8236 6251 9900
9 6115 5358 8328 4720 4602 6705 1355 772 7595
9 3090 3276 6206 4405 5428 708 5994 7715 7515
8 8758 4867 9633 1601 5584 3338 2053 1259
7 273 8290 8573 3411 6742 9457 1587
5 7040 658 8979 1399 9222
9 6916 1113 5621 596 761 6814 552 8188 3435
10 55 7320 730 4064 2235 102 9035 3227 454 9424
7 1776 2928 1640 1792 2181 2660 1431
8 5324 8262 3976 2783 1102 7010 9440 81
7 6807 6199 9282 7255 1977 9394 9975
5 4679 7648 8682 3778 9897
8 4758 4583 1489 2780 2305 9497 9357 6946
9 3167 8713 4863 849 529 9481 1947 7194 7014
11 1833 1773 1010 7086 3058 4587 1845 7901 2653 1146 8028
4 3549 3608 4940 5050
5 8670 4245 7438 646 9842
7 9140 5034 5480 3261 8851 9639 4353
10 5086 3540 1177 483 6523 5241 2675 2108 6333 1595
9 541 9246 3368 7193 1106 5344 40 4528 967
7 4637 8459 4196 6128 9527 1443 3785
7 8708 7612 7779 3807 376 6698 6587
7 5934 5237 3947 7874 5815 7679 8800
7 8962 1852 8902 8059 4291 6580 6639
8 5885 8736 5954 6245 2250 3970 7697 9133
10 6689 1407 6168 1221 9575 8854 2578 8652 7216 3418
7 5300 9406 7355 7232 2404 353 252
6 1867 5743 6159 4048 8037 9276
7 9679 7687 2230 7580 6615 3958 9068
5 3307 7129 4661 9251 1523
7 7929 3329 2782 2916 5799 3290 2377
9 3855 19 4635 5712 5351 2180 6280 4006 6757
4 3578 284 8035 1631
7 9449 9602 9869 7196 1349 8909 2360
9 3817 7318 5060 4630 7737 1627 6967 388 5941
6 24 3257 3017 7884 127 380
6 3371 627 6756 5777 8940 2787
7 4071 2006 9636 5477 3468 8245 4895
7 117 3005 1363 6186 5069 4355 6657
4 4618 8787 3202 6374
6 372 3147 3557 8194 5695 6480
6 6381 8021 493 5158 1474 3215
7 4307 7064 4084 7243 6764 3082 7636
6 7401 4208 9487 2167 92 6270
11 6695 5218 9556 3475 7442 4035 2771 1494 5603 1817 5076
8 9523 2538 8832 9815 5892 1430 9262 4713
9 2869 9544 4794 8338 3840 1331 3669 7691 6178
6 4150 2784 1276 3554 1496 2304
4 1005 4387 5983 1509
10 961 7864 4910 8835 1723 1557 8176 1109 8413 2270
7 920 7891 3830 640 4403 3434 3099
8 7070 726 4980 9769 5627 9761 7043 9158
7 769 2738 3024 5829 3565 2751 1896
6 1978 5744 565 5602 7284 8686
7 7561 9685 6473 2497 8191 2969 3621
8 4894 2424 9087 7347 7922 6009 649 6737
10 2917 8209 6053 3200 7698 942 3102 3901 7075 6067
8 768 5049 4703 9511 6182 7203 1143 1193
5 9550 7975 6141 8529 2930
6 222 3049 3396 2132 5091 2906
8 4058 8629 442 8766 152 9923 7643 3531
5 9675 9649 9666 9927 8864
6 4948 8198 4807 6438 3194 1215
7 9799 2296 6192 9549 3119 2394 5238
7 1664 6558 7000 497 4024 5553 711
11 297 842 1959 9743 9130 3949 990 7150 516 8026 4498
9 583 4414 9255 4285 2635 1902 91 1700 7629
11 6277 3596 1121 8614 9657 8128 3818 5701 6081 9478 459
12 8840 2748 3989 7572 8653 9610 633 5713 382 9741 3230 8486
6 4143 8158 5887 9071 8173 4749
9 4346 6849 1995 7172 5650 4541 8804 9346 979
8 2316 8630 6200 7373 9190 1046 7762 5899
9 2559 9733 9691 5282 6392 7246 9232 2548 1944
8 2883 6658 3403 8784 3542 2368 2977 9553
8 7952 8055 7631 9947 2937 7118 886 3247
8 1888 7028 2742 1904 6985 2661 9655 691
10 1040 3773 9105 6012 5656 2665 4356 949 7271 2121
10 5445 5572 7666 7567 6538 3784 9195 8990 369 9809
7 1138 1593 9316 3602 4020 2781 9678
9 7119 3170 8440 9485 8831 3181 6593 6659 934
6 734 499 6739 415 2314 1475
7 6815 9864 7226 8868 8546 5009 7457
8 2720 7108 6842 3537 9710 1181 7066 4969
7 4059 8024 874 3512 8155 2173 9963
12 423 1227 7117 780 7492 6871 6570 871 7315 3429 2192 7805
8 4214 6304 435 9450 823 4709 254 3203
7 3149 9090 8448 2934 7663 8094 881
6 8890 32 6026 6213 379 4031
10 8204 5746 128 5182 2382 3232 4744 542 6793 6865
12 1273 1372 5393 4624 1755 5642 1232 1453 2753 1985 175 4130
9 2735 7140 2975 4299 5620 753 4854 8860 546
7 157 5727 6669 2036 5107 9159 1110
3 6321 2212 1644
8 9305 5808 8449 8040 9625 8995 1325 2966
9 9514 3575 965 655 8085 6825 8030 4099 2160
10 5598 8435 3068 2904 1873 1693 617 7364 4930 8353
11 3988 1512 6410 802 3966 4658 66 2187 2640 9377 6596
7 8406 9128 4833 956 2639 4595 159
6 5717 5112 4507 2856 3370 6601
6 8950 5189 419 3915 3729 8505
8 9283 9347 7406 2147 3398 2171 2072 4227
9 7862 2455 1997 4656 3190 8695 5193 2702 8998
7 6961 3579 8370 977 1667 4070 9701
5 4842 1438 7804 8116 177
7 6706 7116 4164 3739 7759 8220 7513
6 7936 8434 6503 9681 8665 6784
9 549 8978 2539 8219 7787 2577 5453 3477 751
7 3103 8029 9813 7085 6023 8485 3974
8 4742 8557 6951 825 9180 2076 97 4398
7 3457 5990 4255 4016 2551 3952 4270
8 9216 4885 5369 4826 8042 4643 6762 775
8 622 2838 200 7870 6293 7811 106 7387
8 5406 1860 5554 8816 4938 5088 5782 4907
10 6901 6735 332 6634 8112 7282 3622 4828 2184 1309
7 7861 3197 5710 3022 3414 952 2395
7 3693 2426 7102 7312 8681 2000 6526
6 445 4648 7379 5511 7534 8164
11 2986 7704 8462 984 8079 5917 3879 2482 6346 7778 1220
9 29 2233 9806 8410 9116 7411 4858 4857 2164
5 3471 7319 2717 9199 9265
5 8179 8586 9874 8088 6268
8 3555 7399 3067 4080 9164 8379 374 6082
5 713 7346 9757 2799 6034
10 1866 1635 5636 8146 4613 2927 4958 8970 1859 3746
7 580 6786 5541 6316 330 657 6133
9 3281 5213 315 1223 9345 2209 2790 4449 2054
8 6456 5818 9320 2690 5234 5495 7684 2972
6 2020 3409 530 7314 6000 5156
9 7640 2123 5535 8133 266 7785 5866 120 7693
6 1105 5507 6703 8403 9763 8945
8 2576 7849 8274 4830 8368 9134 2240 1168
6 2912 8489 2511 5757 7444 4714
9 3055 2106 502 4558 3220 8273 7988 7498 4397
8 8731 699 7249 9562 9179 7096 8694 2884
6 1353 817 6875 7602 6356 9118
6 8184 7637 4050 9182 9833 294
6 4788 4455 7876 6413 2480 9408
8 6228 3640 1869 5090 7883 7816 7613 9911
9 4495 5948 7585 8554 7710 169 9546 7555 4879
9 1269 5500 9559 830 422 3482 3770 9151 5100
5 5424 477 661 3614 3326
5 2015 2896 9872 9972 2119
9 9003 3148 1588 2518 4409 4021 6971 8968 3086
8 1097 5387 2401 6474 3420 4913 7769 9075
6 311 1986 4250 2654 8953 8058
6 5341 7810 2915 4088 4615 7448
11 1735 6110 9469 168 1685 6719 969 5824 6156 2866 3496
7 957 1192 8609 4798 9156 9652 2558
11 4586 166 2973 6922 2442 4372 6380 5169 1768 7187 9027
9 4601 7156 5517 1508 9492 4555 3122 6344 4971
5 3025 9473 481 9925 2477
6 5304 1651 5214 856 8071 3735
10 7141 7198 5540 3885 1910 7135 6589 3524 1246 2898
11 3564 4693 6450 6718 3680 1733 5660 4195 7466 2948 2515
9 1528 1605 4836 5240 7211 7856 9234 9964 9132
11 6952 6329 4200 5285 8823 3036 8298 9177 876 352 2453
5 1209 3826 3833 4141 6398
7 8342 1100 4207 5711 4007 1553 4888
6 3030 8376 41 9011 8795 2741
5 203 2338 5036 7171 3117
7 5161 2791 9627 2399 2056 6274 3648
12 6822 2641 6239 2425 9557 9171 9127 2543 9248 8407 5684 8631
6 6466 6662 7927 6430 233 7564
6 700 5359 3603 9349 9082 3754
11 8518 2536 9286 6550 4806 6809 2126 7113 5465 2025 6582
4 5716 3647 7692 7882
5 5649 3490 9252 2547 3133
7 3743 1406 3092 4003 7732 5809 3981
8 3692 9137 482 4246 7934 8367 3124 9242
9 6263 1803 9002 2600 9538 348 5962 230 4965
6 6039 2031 4520 5910 4236 9641
7 2008 7230 2566 4705 2464 6089 7278
8 5018 1414 3424 1955 381 645 4300 2355
6 5245 9595 8285 4953 8306 1725
7 1305 6485 3334 6021 6402 578 2525
6 2247 7677 9631 7434 1381 2415
6 5192 739 8277 4875 4411 509
6 9313 9402 8892 3972 2981 7309
9 2519 394 3891 5205 4666 475 4503 8981 8617
8 6424 6884 7465 4782 4764 2810 847 2174
6 8559 6529 8447 950 354 4880
7 61 9852 2626 4686 9064 6618 3062
9 4525 4475 4154 9951 3433 8378 3759 1862 9742
6 7229 3160 47 4404 6399 3675
6 8102 1874 1908 8796 907 2802
9 1879 513 150 2825 7019 9836 9896 1799 8809
7 88 5858 5025 9382 3566 3057 3732
7 8728 8458 1218 2216 9065 9962 6279
7 2465 5971 5295 6425 6173 5914 2407
8 7109 5771 498 5678 292 6013 4113 9496
4 672 567 9459 1436
8 5381 1024 5748 3585 1491 671 8228 1968
5 8578 720 3445 7494 6729
7 268 9996 1970 5719 5913 5514 2867
6 9619 9452 6836 1233 2651 3493
7 3008 1973 5626 5303 5263 115 6579
9 4309 8711 7690 4652 9410 4607 5579 8018 5160
8 5970 6654 9274 951 6575 5375 9381 2984
7 7877 2942 4467 6340 7276 5550 5995
11 4839 5027 5487 4153 417 1634 4171 6893 74 23 5260
6 9563 2714 7574 7686 5287 2386
5 719 5562 1465 1263 8324
6 7799 6747 8207 3605 3663 8951
7 6031 245 119 1252 4544 9273 300
9 8520 7210 3510 6710 2570 3701 8118 2290 6476
7 8271 7357 209 1503 3051 5628 6313
8 187 1609 8224 5377 2323 2817 9570 9889
7 1066 7709 9306 6255 4205 1422 4347
8 585 568 945 1206 8575 1487 8303 4853
4 9504 6101 9505 8506
7 2581 3594 161 3451 6098 5764 7903
8 5335 9820 4935 8346 290 5830 6243 8510
8 8175 3333 892 439 7382 225 9645 5170
8 1560 2143 697 533 2997 1746 6850 6094
6 9752 7287 6547 1863 9737 178
8 3580 8426 6265 9613 9138 993 6630 4699
7 7657 4537 6420 8856 992 1745 7425
6 9256 8309 1500 3789 5982 9566
5 6252 9804 5503 1281 5674
7 7911 3849 9078 8536 7628 7191 3205
6 741 8189 2118 6942 611 6196
5 6607 6851 3779 9954 8610
8 6649 6745 5686 9314 5751 2673 4696 7134
8 7965 1838 3188 9680 3114 4645 6066 9539
5 6160 5332 1580 146 9751
9 4882 1170 9851 5699 7668 1565 9928 105 3839
6 2941 8302 1142 6984 8421 4485
8 4687 2026 718 9289 6048 704 4724 7169
8 3607 7180 4194 318 2952 1346 3155 462
7 5497 3546 6740 5120 511 7209 7253
7 2774 4437 1267 5566 313 425 3896
8 2432 6656 2074 6360 5756 2033 826 7746
8 4829 9104 2731 7933 5770 9992 1376 350
8 113 3311 3786 2649 4297 85 9458 5279
6 8395 1724 1674 1326 1913 2831
4 1178 9579 7245 8555
5 6002 8149 368 572 8882
7 8773 57 922 767 4045 2556 7301
8 8292 7020 608 7337 4914 6407 5441 7145
6 9207 8965 9795 7912 5400 2406
9 3239 1194 6058 448 3026 8595 4433 3752 2796
8 9847 9463 3426 8521 1460 9949 3760 8257
6 7475 8783 3572 1830 7464 5567
7 9411 1384 7372 8419 9735 7239 2275
5 4644 1260 782 4639 930
10 2920 8587 2711 7236 3842 3993 1250 7344 5008 7829
8 2944 5856 69 1111 5593 9033 4063 6956
11 4094 3527 5089 3632 3047 1884 8642 8973 6805 7275 2680
7 3629 1323 9267 3050 3191 1175 4029
3 1794 2736 1369
6 7429 2079 4717 5135 6744 1930
8 677 2313 7451 4349 4202 6652 4326 629
8 6724 9405 2963 9926 3921 1365 2706 4664
10 6670 4428 3317 2440 8989 1239 6672 9812 9516 659
5 1757 5991 9981 1412 3867
8 5440 789 3821 7554 507 9375 64 8737
9 9670 3951 212 6771 5601 6643 1942 7940 7907
8 8878 9385 7683 4101 6216 5124 9019 5679
8 2571 6404 3601 9890 7662 9537 867 1721
8 9976 3651 1208 7840 4450 7342 5844 5437
8 8420 190 8574 2198 9871 7847 3393 1521
8 3442 4959 6307 9030 2686 7263 4838 2907
8 7270 4665 7380 8259 9466 2667 4989 2107
6 3321 6903 5690 709 2128 6237
9 219 1013 9845 6567 241 7041 3315 4773 1790
8 1900 7471 2957 95 854 4396 8504 3721
8 9901 5113 1030 7248 4957 2178 2434 7548
7 9913 7430 9464 8955 1676 799 2842
9 6044 6877 601 8791 4862 3439 9952 4328 5298
9 4078 3208 7546 3105 2967 9477 7256 2320 9364
9 8310 9935 873 1684 6584 2696 2044 1211 4872
7 9121 5012 2105 4400 7558 189 3657
7 4008 4536 7329 9805 4410 4028 2352
8 7005 9052 8203 5920 2112 2776 1081 4327
9 9581 7435 206 1240 3616 9209 3345 244 3532
10 303 4223 2657 4920 665 6119 4017 4256 6331 3465
7 1335 3138 6409 3453 2291 147 8243
10 9020 1883 6924 6003 6498 7386 8101 5405 6460 4871
10 9291 4260 1054 6818 7579 4123 7729 8956 377 8272
5 2176 3502 7477 674 5045
6 7013 5212 5539 8876 4636 7445
6 6767 7512 1002 4115 6244 8167
8 8675 5402 8739 7638 7323 9018 7110 2397
7 1993 1637 6208 3783 5783 5371 8827
8 1315 8323 409 3816 9524 6078 8996 6121
9 9707 6135 1697 5017 8464 9341 8523 4588 1459
9 2278 6502 8073 3193 1441 6422 6359 5021 485
8 1563 8351 2663 2217 6484 4775 6416 8296
5 5299 6123 4170 2718 5014
8 6783 109 7792 3199 1835 5557 6544 118
6 9979 1447 2512 3381 3364 9561
11 8509 1984 3354 7097 5291 6336 8806 1511 643 6962 458
7 7463 5615 6455 4225 4376 5724 6716
5 1815 6150 615 8192 524
5 3696 8588 9819 7730 5837
10 6633 2357 5890 35 1797 5422 531 7916 1738 1583
7 2327 4546 9109 2881 9738 3802 5853
9 4377 7398 1625 5816 7685 8742 1169 636 7724
7 610 2603 7428 2495 2982 2954 843
6 5693 3459 3541 656 1529 9822
6 2507 3990 4112 3717 3539 2288
7 6412 6752 6536 9586 2060 8938 4371
6 2135 8104 199 7867 908 7873
7 2949 2788 9830 846 4318 5576 1160
9 4098 9166 3029 211 4493 9604 6283 137 2885
6 5137 4482 3270 9037 9165 921
8 1543 9920 3991 9634 2754 7479 2857 4331
8 4066 7711 277 8803 3325 3904 3507 7794
6 489 7088 5721 8348 7682 9263
7 6403 975 2992 982 6648 1319 9288
7 3156 1630 2520 8915 6069 6966 9100
7 5902 7716 7034 4659 2745 1098 2045
7 7468 9620 2919 5861 3228 3421 4278
5 9393 7889 2335 306 6882
7 2429 5227 2293 3263 3583 6989 1311
8 4984 6164 4228 6446 6927 494 1297 1943
7 4494 4233 6202 1550 4704 1152 8785
7 2828 8792 4848 6856 5187 1023 9632
9 6418 6493 3461 6711 6749 4990 8542 8895 8798
7 3667 5875 933 6220 9419 9044 7048
9 1515 2899 1186 2605 9135 1062 5702 1716 8214
6 4056 8932 9401 1804 9705 8991
5 1992 4352 6454 4887 8644
6 7928 8566 364 9684 1779 5426
11 9698 7186 9974 3866 5663 8034 6969 1886 4384 9272 6172
9 6965 5491 5996 9640 4137 5952 7274 872 6491
11 3410 7993 6296 4733 3795 4481 3098 4213 2075 6910 7532
8 6361 9046 6741 8786 9042 1294 7068 6163
5 4435 8715 5425 2573 2035
8 2418 1729 3636 2385 4119 3609 8585 2095
12 2009 271 2537 1272 4139 2613 5622 9101 5310 1257 8500 1710
8 8640 864 135 3066 8768 46 6832 5792
6 3869 4706 1251 6879 560 8761
6 4090 5510 8157 9944 476 4302
7 6269 400 5307 9512 6261 7808 553
6 6694 5654 3362 8937 8719 9980
12 5222 9191 6765 9144 9654 6886 8597 7777 2362 2388 9249 1016
7 3253 7104 6327 5668 9617 8263 2505
7 2531 1784 1778 5054 3366 8190 3940
6 5881 8484 5466 5516 3936 3623
8 474 8774 7446 4657 2207 5457 5564 8869
5 3708 3544 506 4986 1686
7 5868 3104 1313 1777 1647 9647 4497
5 9084 6155 326 1949 986
9 4873 3758 9543 3083 208 1613 5803 2809 7971
13 1228 1734 4184 3906 164 5228 6132 156 2924 2602 1937 4415 39
11 2166 3176 5957 2245 607 7665 1537 5087 883 9054 1872
9 837 9768 428 7557 6638 9731 5915 7234 7103
7 9187 6912 4673 7190 141 5374 9070
10 554 3236 2681 1 3112 9576 4966 7941 2260 8300
7 8564 902 3910 3108 2409 3530 4274
8 6900 3245 9412 1628 6076 7503 5062 4653
8 1332 4781 7768 1994 8187 2473 8493 1391
8 7227 2041 896 4617 4819 2612 2541 4800
7 84 2436 4502 9254 7994 4034 3513
8 6780 2297 1201 9429 9062 4147 4068 3646
5 3655 7575 895 7535 7633
9 9626 8213 2642 8637 3116 6896 6062 5903 6932
10 8698 1492 3291 2261 2470 660 9846 5526 6610 7453
8 7956 9495 6029 3938 9832 4089 833 3895
8 5343 1530 6338 935 100 2852 6247 3775
9 2695 3384 9744 2333 5366 5116 514 3624 193
8 8086 1090 4109 5955 6305 403 2591 3466
6 2324 8967 5766 1762 2732 559
7 3697 7948 9564 3793 6161 3790 6367
8 4379 6377 7208 8671 6597 9284 2875 3798
9 6913 3196 3129 5347 1222 5043 2797 9186 6056
5 48 5698 8382 7152 3054
4 3168 3358 9392 715
5 6843 7325 1245 7162 4605
8 7188 7455 6068 1518 1963 9202 9948 2652
10 6794 1421 1200 9712 3169 8782 8266 6297 3751 3946
5 4877 2523 6475 4065 8560
7 2356 328 1564 6563 8530 4786 4593
9 6139 8848 9503 1843 3319 4366 7604 9228 3258
