32 9475 8698 6687 450 4458 1024 6767 4096 9407 250 5315 1081 5514 4243 5770 1144 6908 5135 5095 6223 8425 1710 7283 5871 6080 1017 4959 3661 7478 1150 3188 9346
27 1808 5967 3679 2350 5244 8937 9223 9583 7483 7304 9839 7958 2818 6484 5346 9323 3960 7141 5920 3189 6109 8427 7048 3614 4026 6883 7533
30 187 5383 4481 540 4716 1282 3528 5556 6550 5425 4124 9908 3846 1097 9 2837 1382 4232 7829 5640 9597 8473 1922 7892 7019 5386 9423 1928 6647 6216
28 2586 3505 5740 9286 2236 7464 6752 3192 4413 51 1419 2040 1695 954 3446 48 6629 7673 756 7357 2696 4558 823 8672 1361 3345 7806 1793
27 3448 625 7222 928 4926 2126 7361 674 8638 5490 8573 5106 115 7005 7199 9794 8867 302 2754 1884 579 9306 6139 1237 12 2444 9558
32 6198 6982 7015 1909 8327 1239 5714 9585 800 6515 6914 5083 228 799 5800 1664 7778 4893 536 2164 9911 3097 2347 137 8104 441 7154 9912 6028 5789 6843 7527
28 7277 1062 1407 3331 3733 8417 8897 5875 6854 2601 7651 8153 4892 1147 1553 1667 7556 6079 9487 8419 3029 7920 9225 7602 7508 2904 4254 7534
28 9392 436 6093 2472 3623 5 5670 5176 7330 9815 7009 710 58 4177 8764 8158 6487 1291 3428 8600 5089 1989 5571 4228 2501 5948 4956 7010
27 9053 3452 8851 4217 3323 53 9622 3100 8680 7812 7816 3490 7312 4918 3920 9598 2110 4389 6394 151 1966 735 3112 4337 3197 8514 6614
31 7678 8504 6294 8052 2253 6718 7259 6616 6295 5146 2457 8147 5309 9906 7884 1662 9283 4693 3068 905 1201 4731 4709 5363 9061 1811 5402 5231 5280 5562 5738
30 3153 9695 2715 3396 338 2057 2762 8553 6944 7455 8677 7766 334 9618 7663 57 3978 9011 255 9929 3788 4203 8357 7933 6619 3196 9347 145 3580 9958
31 45 5524 1691 8431 9052 5680 15 8564 5390 1883 8617 384 907 4986 7692 131 8226 1584 4023 3566 7786 2240 4462 5657 1254 6013 9244 3083 1106 7908 1648
30 156 6891 4805 3051 6030 5940 589 4621 7869 1082 6531 7000 9228 3199 2671 5758 7499 6758 2270 9316 8692 7446 728 2199 149 2718 4561 3202 6142 1921
29 2995 8267 1956 1148 9806 919 8375 117 5969 3481 2028 199 8832 3131 8752 5972 6539 4470 5150 3569 3140 757 699 1790 20 7900 6269 8715 7756
32 3187 8896 2557 7699 4084 1740 2782 8718 8235 3215 5687 6318 1214 4425 8925 7130 7044 4125 5419 6195 9237 658 1438 1208 4651 9637 2667 415 8582 1211 8964 4901
30 5371 9248 5886 2244 8530 6844 9665 6522 2680 4641 3508 8808 8347 5830 1056 922 5006 8373 2663 8444 8767 2880 7182 8632 7289 6660 7741 7174 5227 592
27 9151 8121 5865 1278 4655 1133 5863 3299 670 5070 8047 7838 4215 568 4902 2312 4780 1563 8380 7017 7224 5981 4108 6717 8077 9444 7886
30 1408 4066 6610 8969 9408 8277 3703 690 3513 9084 8211 3330 9029 5290 1406 1453 9047 9587 4572 5754 9206 9608 3478 7551 105 581 5729 4832 8631 5453
32 9738 6227 6214 2524 7026 2555 3238 5693 2637 243 4334 5480 1618 1303 8482 6836 6175 2714 6877 5415 772 1649 28 5544 1859 3224 9082 3717 4841 2532 1990 7690
27 5876 5673 4754 4067 6407 1985 8281 7441 6436 2415 9376 4728 359 1650 1642 965 8129 7994 7027 5194 6297 2210 1112 3239 3173 1345 5690
26 3216 3533 417 1417 3845 1760 5079 1127 2280 8144 3456 8842 210 6998 2364 650 8107 9473 913 3924 9377 6011 9894 8574 4063 7577
27 4052 1247 7979 9130 4248 6411 3103 3905 5568 161 2948 7429 9250 8886 3753 2387 9999 1702 8524 7293 1481 4270 4877 7856 4586 6656 8194
27 7418 7606 4259 7636 6910 6211 4514 9272 6215 5434 4898 1709 7404 9844 4779 9729 3499 3552 8626 1335 8676 6254 2282 3493 205 5021 2678
29 4935 7918 7638 896 1758 3118 8012 6902 8460 4229 2055 7811 529 3778 5504 5114 8087 398 4861 1180 9265 298 6887 7119 6920 4872 7926 2809 1363
29 6056 7179 1924 850 7177 8526 9184 3182 2039 6666 1708 9092 9739 4603 8762 2872 999 2975 8056 6381 6107 3725 5922 2597 7595 2054 6161 6969 8618
31 9058 8502 6497 5209 5545 4777 408 1004 6393 3724 893 3825 5292 7388 844 6147 9292 7630 5825 9706 1400 4928 9578 8354 8456 2197 5795 5548 4058 6546 3952
29 8598 4581 9336 7120 3811 2085 5705 813 6859 5376 6750 7419 1228 4689 3685 32 30 1887 5389 4451 9199 4308 1372 7505 7518 852 6524 5779 6441
28 9351 7297 5952 502 5263 1178 5051 7870 7296 720 9126 6210 5488 4919 2704 9430 3213 6009 5272 8800 3017 315 8965 218 5466 4698 2969 6537
26 8544 4447 2813 6889 2930 163 5925 4454 8904 472 4431 1069 7949 1661 9595 8667 1213 9016 5563 9479 3586 3842 7677 1270 4540 711
32 681 9814 3632 328 3519 4 1448 2569 7467 9990 2061 5059 1724 6585 924 729 5191 2888 2445 6326 7879 3089 8212 2438 6101 5140 4733 4360 6654 7951 6435 7348
27 42 8543 5153 8540 9263 3731 4137 8518 5763 373 5420 8604 7712 7491 7757 7700 1088 6249 5103 2641 6733 7139 8777 6169 6776 2561 7774
30 2150 4107 5503 4808 1051 873 7022 7872 5739 7703 9562 1589 4511 3828 4332 7795 1403 6739 3638 6604 9105 7198 2356 9167 9342 4138 9023 2123 4135 5988
30 4189 7574 9075 6935 8829 3442 7485 8933 7393 356 3608 2325 5869 6060 1146 8882 3047 716 524 2974 3965 6196 520 4176 8818 3208 2170 5432 7655 7887
27 102 5557 1186 8624 2147 5351 662 5887 4388 9973 3892 1172 8115 1774 66 6104 4143 4016 3395 1388 8287 6103 6713 7617 9474 5635 5644
31 2849 2698 7235 4944 1499 1260 1677 883 8000 1610 4929 4857 1889 7596 6809 5994 6706 1616 1632 9465 2473 454 6514 4816 6465 9523 8803 2041 8774 3285 3810
33 6440 8595 3551 1021 4535 4200 908 3804 5742 7405 1620 7462 7925 872 7941 7532 3271 4072 5531 3419 4372 9171 8181 1381 8905 9977 9069 3936 5526 5712 1399 3080 6422
30 9822 7901 4796 1805 5115 906 1631 2138 3573 1735 5168 2722 9919 9983 3241 782 2615 2237 9852 335 9567 7373 6095 7092 7658 1877 2093 6495 3758 3334
30 6428 7427 4922 5917 130 2535 6966 3272 4575 8025 3228 4869 8665 6915 9256 639 361 1537 1073 591 4939 3691 5341 2427 2264 9001 9080 8317 5897 1864
32 8103 8561 9243 34 1756 1025 3847 7777 6547 4263 4792 9173 2382 7118 2171 1142 6282 6384 8336 3473 9480 4837 347 5788 9259 3374 5538 652 172 368 8819 582
30 7849 2765 9743 9632 9454 5210 6427 4692 6559 204 8055 9110 584 600 2342 758 2111 9981 2602 4513 3768 1362 9945 7220 1470 5937 3652 8402 9802 8311
31 5835 7642 1348 479 9836 375 2992 9238 499 4017 1971 9720 1557 3020 6024 3646 8597 4700 4493 4653 8397 4154 2089 3996 9074 4297 7223 3305 9410 3048 7649
28 5482 6488 128 7060 1465 2279 6167 901 6572 7942 686 9303 5450 2939 9666 1567 222 4596 6695 3666 8735 5824 7360 9582 2357 1727 341 75
26 9106 816 7496 5516 5654 1412 2771 2233 9203 1986 6252 8591 5265 3180 2798 2174 5034 3357 7311 4485 374 8058 2537 3664 4963 8636
27 4115 5608 1067 7351 2135 397 7988 1433 9308 3637 4383 5219 5152 693 1736 3004 7285 9521 7669 4484 2694 8810 3601 937 3366 1665 6787
32 7318 2830 9037 1275 779 5896 5188 3281 3984 1602 1269 4665 822 5890 8938 5761 3514 8610 5627 762 7975 8113 9386 5607 9879 9348 5996 9788 6068 7772 8470 6090
27 8044 3503 6699 4560 4192 2468 7347 3745 4885 2802 6773 6486 1879 2424 8355 2889 613 4860 8822 433 8157 7977 8542 1227 6397 2925 6051
27 7138 2766 8134 69 6516 1604 6267 3243 7038 7291 5533 1934 8020 539 6462 379 64 4305 6589 6144 6501 4593 5173 9148 3421 6542 4300
32 1134 8364 1491 7894 5148 555 1322 4950 22 409 4241 9412 310 5913 8371 9008 920 8051 2341 3253 6307 6529 7193 9496 4319 1580 6059 5471 4674 5851 3006 722
26 9581 9443 2785 5511 9039 627 6027 5157 3882 3908 3402 6449 5438 178 8550 449 381 1903 4159 8729 898 8112 1958 9774 7537 9700
28 6570 804 6062 4238 4909 6563 3292 2429 5446 6470 7993 7105 5530 560 3310 9464 8135 8497 2899 2022 104 8748 2856 5091 6577 3148 3008 6806
26 6781 4236 498 3950 2966 4942 939 4724 7661 4178 8815 6719 6006 7615 8370 4847 5060 4886 6831 6852 9301 5812 891 951 655 8314
26 3183 8653 2693 8261 1562 8594 402 4089 3802 8150 1837 3298 5411 8109 7271 830 8684 7826 9519 2875 9903 1378 7192 3168 1638 8816
28 3592 8152 1014 1809 462 4718 8500 1012 1897 2009 3863 644 8989 3269 2739 1598 5174 1941 4499 6349 7113 4403 2751 2498 9045 637 362 2107
31 4467 2652 2090 1196 5462 3410 2049 232 1865 8349 6160 4262 8008 2685 4583 628 7831 3137 2290 7040 6528 8705 1775 9086 8789 9022 4459 2105 3161 2249 2659
29 6599 7662 2847 227 6250 9095 7842 4015 6919 3167 8330 6582 3819 157 5356 9297 3884 1190 3485 7170 7034 897 9198 2991 4666 427 4518 8539 7555
28 9413 5944 1066 3405 5522 5580 9648 3777 9260 6263 7032 3134 1761 7146 9196 8599 1611 8495 8300 2898 5893 7137 4121 7717 1266 2716 1653 4659
29 3491 1539 8492 5237 7020 6000 1076 9989 5439 4363 4941 1524 3879 1094 4230 9400 9409 6712 8674 9026 2471 2117 1974 6339 7991 8953 1079 6390 1651
27 6430 1492 8678 6890 2399 273 7482 4323 9107 8389 5861 5397 5096 9855 3136 382 4335 6334 6045 6127 488 2579 8690 2618 2514 3024 5470
28 9168 1271 3339 4311 6421 9494 2748 8463 4247 1218 4064 1206 6948 1294 3888 2315 5957 4086 9897 827 3469 2884 4287 6783 6881 870 1235 3818
29 6229 4433 6970 460 8471 7203 5353 4048 2961 1083 7472 9529 1880 567 5854 4128 214 2466 8029 2307 1743 7959 8030 2553 3800 4995 7246 8268 3634
26 9159 4759 256 2042 9428 2295 7110 793 8602 300 9651 189 2759 5842 6991 5884 7428 2192 8064 8474 1061 2862 796 120 3106 7907
30 2870 724 2583 2418 5461 4152 8726 7751 5084 8123 8628 9089 2826 5024 2235 2413 264 1272 9295 2319 2997 6004 1078 3022 9620 4416 5459 2737 966 5561
29 8172 3929 4773 3903 60 9761 8711 4231 3830 2917 3234 878 7983 6213 9411 6048 8773 4453 6788 9000 6662 6848 372 8747 2478 7090 8501 4791 6135
27 2223 5030 6597 49 1398 8250 6731 7526 2574 9986 8642 9363 4657 5852 3759 9996 4756 6807 9671 6736 6870 5902 9508 2812 4820 1697 5033
29 6096 1387 9951 9073 4156 6766 8178 5587 3500 6364 9793 3975 6206 5664 1856 4258 4406 5672 2045 5630 3935 3230 1827 1669 3141 5936 2544 8132 6301
28 5588 7639 8903 8778 7151 171 9955 6979 3675 1849 1000 4212 8686 9010 7276 8942 8242 9077 2702 6558 7255 3739 7101 3459 9099 4600 8784 6730
30 1179 5325 330 2971 7367 9629 6658 8828 4527 1668 2943 4882 3174 3926 5093 2372 5076 6884 7808 2118 742 9102 4620 3578 4908 1305 6358 24 4881 5987
28 3873 1893 6595 6871 663 6242 1198 6212 3544 8603 3742 7771 5282 9672 1392 6607 3013 8571 4464 2366 8719 4296 5342 2819 8060 9152 8265 63
31 4065 3856 8919 1175 5860 941 7392 3654 9885 8689 881 5791 2416 777 1461 5268 4033 3571 5617 3263 4491 4234 3980 8485 6769 8522 9563 1655 4940 4419 2288
29 3636 3198 4766 4503 7864 2965 9678 1547 4350 2613 4900 9921 6454 3284 8963 3477 1713 8028 7210 4763 6896 1077 1155 7687 1277 9962 4695 5257 4747
29 2584 2191 687 2305 7890 6073 7488 1917 2207 1259 1688 5963 2066 6129 1892 2949 5958 1789 1656 549 7571 3624 1628 1583 892 1263 3719 8360 1154
29 4182 6671 5197 8797 7707 1390 8651 9546 5296 5838 5023 8245 8691 4074 153 6075 4492 3125 6967 1940 6126 8451 9661 4746 5711 677 4257 8443 647
30 577 8472 5555 2940 3953 9752 9915 2129 9725 1839 2989 5297 353 5661 3923 1494 5804 5505 4094 1684 7710 4285 2159 6903 18 6534 5950 8290 5365 7341
29 2717 6190 656 6234 8162 4104 3001 4745 8627 4542 2260 3721 6114 5015 1358 2300 4838 6724 1265 1803 7504 4528 2421 7754 8823 2311 4224 5736 3555
30 9371 3833 1140 9891 2906 9322 4730 1898 6300 871 7131 6674 116 9287 4420 8490 611 8221 583 1845 6199 9028 7145 4036 857 3588 253 4699 2901 8385
28 3831 1788 6461 5377 5826 1293 4298 4251 6162 2132 6185 4844 1085 6337 6772 9681 4800 6288 9676 4649 5271 3561 349 894 1798 769 4707 9204
29 4891 8184 9992 5537 2860 4018 3346 1160 8076 4640 7835 8862 7282 5108 1482 4365 6111 3740 1623 1619 6937 118 2655 8811 6324 2448 2400 4708 9154
28 4768 3235 8080 8841 2746 8006 5850 6538 7680 5028 4945 8801 6429 580 3897 8310 6527 6247 5321 921 9399 1005 197 9353 9765 2594 3071 2451
30 1566 482 4060 3575 3350 7232 4983 456 3480 1871 6715 9593 2699 8661 6298 9381 3672 1050 595 6734 5469 1475 6316 7376 2927 5110 3796 1540 1367 2388
27 8078 5613 7611 4824 1855 9165 6990 743 1792 5413 3515 2092 680 2982 4434 6396 6343 9530 4330 1605 1529 7799 9291 3649 5678 4965 9932
29 3039 8085 8205 5213 6092 8193 5883 9961 9795 6328 290 4833 4720 4992 2632 9935 9197 101 6649 8643 7325 458 770 2566 4038 7121 8682 1484 8696
27 1717 8183 8026 3746 3680 5368 6437 4004 4638 7776 6552 6010 1721 7953 4139 5037 5003 8367 3549 1394 5143 5019 6 8146 7089 4354 6865
29 5959 9662 1768 1205 7084 4391 5052 9936 4465 3158 1301 991 2122 2825 5080 1029 1068 1383 8843 4261 3252 5626 6370 2025 262 127 1615 6157 849
31 7320 3720 2332 5472 5483 7867 4181 9599 36 2176 5904 4519 5281 8446 3003 7088 6448 4883 5248 5554 2580 3969 3338 7339 3066 8343 3710 5918 1916 4345 1177
31 9191 1466 4303 5889 747 3582 4227 489 185 1541 8005 4588 7450 3553 6115 7150 2666 367 9214 324 1480 7640 1234 8359 4409 8685 8100 3467 4714 6587 8629
27 7653 8948 1670 3698 2756 6278 1055 9571 4938 5045 7284 4290 9222 4602 1052 9830 3046 8997 3012 7945 9331 632 9208 65 6821 4685 85
28 2758 2496 8415 9042 1554 3610 8970 4395 177 7765 6033 2412 4825 4601 5839 5540 1536 3805 1931 3142 3809 3413 5785 9201 9025 6181 9723 5418
26 3660 6897 9361 3919 1558 4817 1542 2409 87 5189 2763 2255 4410 3063 6451 5040 7231 9749 7211 317 7197 8363 6921 9452 3829 4576
28 4611 4260 8339 5965 2578 9097 2920 8873 5105 619 2590 3290 5198 1249 4488 6078 8847 9156 9846 562 4536 6694 7490 8306 2749 3840 9544 98
27 5266 1415 8565 8872 6912 5125 3604 8528 7374 4818 6378 3974 6044 700 5541 3885 4618 2023 1200 284 1497 1997 6761 9030 2380 4097 5921
26 3190 9718 3534 3560 9139 4393 2608 9753 739 5119 5412 8605 3317 2546 6432 2425 4706 7127 5179 4245 9550 2072 651 4981 6320 7260
28 389 275 4765 5997 3177 8701 784 6643 2313 266 6412 7082 7554 7308 4160 7099 982 618 912 5572 5094 786 7169 7486 8845 5844 3038 5707
28 6261 5326 416 2876 5855 1795 5912 380 3212 6225 2643 2577 6291 3723 1173 4310 1502 8839 3600 9275 8229 5025 6517 1841 9633 3289 6094 3059
29 3922 8207 2069 5129 3295 5251 740 6309 7317 1549 1039 9035 911 858 8007 7656 8288 4645 2173 8198 1844 4041 543 8433 9124 7791 390 6842 4977
28 8858 1824 4878 3471 4327 4910 4677 8727 8620 8517 8974 2373 9051 1544 6208 6968 5755 7570 9783 3792 6642 2588 1374 7477 4811 491 7362 6014
27 9888 9031 1556 7244 8699 4697 899 2450 980 400 9368 2020 4081 6892 9609 5746 8707 7103 7083 5494 242 1183 3752 5527 1010 2493 6017
28 8033 6021 8927 6003 8282 4144 5610 4969 4145 8652 6191 5828 7973 7363 938 6302 4704 4498 1733 1343 5339 8065 783 5232 5569 3101 9403 511
29 5254 2563 5941 3618 9956 5226 1575 704 7866 7316 5071 3110 4284 8278 7962 7265 1488 297 4752 7963 8340 1041 8326 5016 4479 8891 1027 3913 9478
30 8232 4397 8170 9732 4607 4286 4252 3997 190 8262 2654 5951 6849 5200 1829 1504 3343 211 490 9875 7067 8785 1232 3994 3841 181 587 371 5204 6091
29 8141 8453 1942 2330 6258 7742 304 2018 2238 5253 5843 203 54 4612 2973 8348 7763 7626 2229 6900 4554 4675 1912 6782 7923 8893 5372 9847 1199
30 8786 698 1779 9416 6876 2710 3090 927 5235 1207 9970 2760 2935 8337 7682 8362 5622 1161 5393 4826 5061 7971 9649 4449 2732 9524 1981 3207 7965 3504
28 8725 94 4338 3987 8063 785 5706 2591 8506 1555 1189 5279 9179 6945 6426 5737 3820 1338 6140 8570 5364 8853 4993 4961 4437 2781 4712 531
30 1434 5801 9591 4769 1560 1462 1138 6369 4341 3835 7466 7873 9280 3941 6072 7558 3043 755 2726 5697 6131 2317 6489 3163 3045 6447 8743 2585 3808 5255
28 2234 7566 3899 8885 5585 7952 2301 6361 4079 8917 7213 1489 6878 1145 6540 2631 6512 4404 483 3738 8071 6420 8308 7517 2329 2670 4635 2103
27 306 6319 5966 5387 9076 5542 5619 6817 565 1899 2044 8094 7588 1552 7378 1376 6336 1084 9493 2190 3447 9978 5261 9064 950 6942 5269
28 8450 6668 8983 3383 6459 294 8381 4809 252 8206 1799 237 7077 5426 3409 7437 7189 1565 1116 7226 668 7567 4326 2269 8895 2291 5284 9307
28 3249 612 6992 3855 3898 7668 1414 9078 1370 3262 1444 4835 4423 7859 1054 183 7932 1950 3371 7095 5933 5088 8648 1834 6052 2985 5044 7414
27 9141 1038 9131 8083 9790 4903 3854 5512 2843 4163 7753 1920 4546 5230 4477 6350 5295 5816 9083 1334 1617 7902 8084 8708 990 4516 4188
31 586 8372 1896 9787 9636 1016 7607 3348 6874 4483 594 8562 9628 8345 4748 1353 9617 514 1 5186 9518 3999 2222 1687 8179 1454 8979 4895 6496 9860 2894
29 7576 4390 665 4622 8046 606 9350 9848 4758 4831 2909 4774 1630 4696 4713 6742 86 3574 7425 1901 1949 8079 6602 1686 2398 1509 4590 825 7540
29 9145 8394 1037 6117 1421 6504 1095 5170 8793 8483 2513 7824 140 2463 2551 3495 6521 7500 2333 7262 9711 139 8010 5101 2844 3355 4548 2530 5723
28 1111 7229 9136 191 8438 2633 5144 8924 4642 4880 4031 4204 4591 4179 2404 6156 4814 4557 6526 5444 2361 8738 9948 8788 7542 1022 953 4605
33 2600 9957 5653 8118 3306 4784 7176 3091 4356 9554 550 9889 1349 9247 2262 6941 4829 6100 2187 9427 1581 8331 776 8405 8408 8716 4999 8174 4688 8880 5960 5953 447
28 8424 6557 1339 2858 9190 5867 4566 8645 6331 7062 9090 2548 2878 2811 5581 9421 7836 1578 5778 6165 366 5319 2302 8779 8409 8585 5930 5211
28 7883 9942 2 8273 6520 7185 319 2322 7390 8131 5440 8813 3584 2056 8630 1457 7514 2321 7762 5087 3509 7895 8510 3727 4682 8105 8548 2504
27 4967 6980 1746 108 8949 4710 9773 1804 2853 8876 3774 8369 6434 2842 6345 669 7159 3928 4787 6691 725 7501 9572 7100 3218 7805 2149
28 8220 159 8073 1614 7723 4858 3625 5343 2230 4990 4565 2900 7001 6741 4373 1469 2411 248 9693 9319 1514 8962 4681 2976 6041 8070 9330 2681
28 3883 8568 7329 5109 4009 3881 7891 2983 8182 615 7906 8755 8666 9185 6433 635 5806 3088 6054 9512 4216 542 1500 464 8935 3906 5698 2810
27 1574 9498 4507 7798 4123 2439 9182 7202 6329 5601 9703 7056 8015 3152 1391 2327 9998 774 3736 7303 6355 814 7152 5787 8744 9163 2436
26 3590 551 9804 2323 6566 1245 1174 2707 5142 1852 4782 5395 1176 2500 7924 5741 1216 6987 2002 6636 2796 7411 2776 8151 4871 4644
27 2265 3693 6155 1053 2401 5683 760 7931 7614 6574 3453 428 6757 7053 3418 1156 7635 9946 9357 1646 2160 2177 2626 5633 2189 5002 3232
27 2822 1599 5334 3044 9397 7158 8569 2499 1609 3229 4732 4906 1126 8142 9252 3799 2070 3248 7366 8863 2443 6751 5294 7050 9573 503 5065
28 3511 3991 6416 6983 8237 4530 4597 7960 1098 620 2629 6927 4428 7509 2540 6924 1224 9922 495 5414 9305 2545 9557 4702 166 9388 7165 3767
27 8946 994 4757 6150 8615 1441 1770 4025 3784 7415 718 2153 916 918 7167 9810 9140 9653 5463 8452 9840 9108 3351 4291 2911 4502 7641
28 719 5160 534 4214 653 3242 8001 7163 3254 3364 301 3356 412 6996 6846 4027 7217 6863 4301 5623 7594 1311 8527 1762 8011 4268 3422 9577
28 1959 2711 7439 5534 3380 5744 1238 7356 5510 5314 545 3314 3893 557 270 6323 4103 7732 5891 6081 3626 5624 6040 8994 9320 340 6264 1911
26 4466 7175 4751 3172 2841 4030 8913 8264 5769 9548 8106 2354 2204 1171 492 9893 2379 1955 1992 9062 9680 8802 6828 1015 6737 7187
27 9670 9688 2005 9592 6283 8108 2642 4550 9436 4647 8191 6882 3415 213 6530 5287 2521 4879 7940 8209 9691 5286 9032 2703 7789 6189 4037
25 9180 1573 6765 2353 1913 1229 975 261 8215 6456 3798 1483 2882 4438 8082 2131 5616 5620 6391 9849 7342 1543 1385 8941 7063
31 691 3492 9257 271 8717 1267 158 9803 8022 8812 3532 9420 7767 6954 1280 8883 234 1456 5056 8023 6853 761 9137 5961 4463 4907 6222 8987 1255 6955 3375
30 1999 7132 5241 5113 1675 3050 9777 5901 91 7240 6276 5035 6586 2887 8538 7809 1137 2581 5539 2299 8563 8312 3497 3070 1878 4615 5650 7729 4897 9510
32 2734 7256 8447 6754 2304 9033 8418 9864 5274 7671 21 3606 564 1870 7258 7948 2032 5378 7750 6965 9726 5468 3900 6834 146 5085 7052 6325 5593 3138 9995 7722
30 835 5703 6879 5669 1197 3275 6105 5218 1525 6230 4520 4223 4952 2877 9792 5220 8926 2979 56 9709 3973 8580 1384 9472 5305 2491 4411 1820 7631 4771
26 2368 3860 8740 4006 3702 6255 473 8249 2071 1564 5442 7247 1905 4819 8116 326 1850 6605 8923 3521 3084 4646 8981 8916 578 2406
29 6130 1130 1531 288 3620 7715 9565 1707 9289 8912 8224 7345 8231 4045 4448 6220 7912 8119 2592 9088 959 5753 9569 4150 2095 2275 556 6561 1637
28 6340 2795 6928 6973 7625 8072 3667 1904 5862 2955 7037 9664 7157 4723 6321 981 9734 8333 7410 1087 6019 1202 3995 6077 616 8792 5513 1868
29 9014 2351 276 2479 6125 5682 7878 9619 3086 8318 2502 7877 394 3065 1451 6134 2695 4191 8233 3337 8612 5663 8635 4336 6832 940 9383 9918 2254
26 2209 9446 9202 9606 1210 8266 1750 9762 7045 7536 2370 6646 1458 1114 9469 6039 5335 7420 5814 2363 1633 3015 8376 8487 7294 6596
28 1579 9740 1842 5112 3844 6681 9489 8790 2950 6535 7709 5647 9871 3464 8341 4146 8758 1652 6949 8301 1979 8449 7666 4664 6503 7008 4923 2155
32 3016 9054 5771 5908 5675 961 5999 9937 1639 174 3678 360 3058 4266 2121 6508 2981 5546 5394 7823 6958 1379 1561 7254 160 9623 5009 3859 1937 6798 7934 2634
27 5832 2086 3681 9933 1124 2352 7149 5506 7078 1074 7935 3360 9736 7310 6170 1346 7563 3052 7 2934 10 4721 6745 5586 6371 4111 2980
28 7426 1660 2241 7335 3126 5574 1257 795 6221 5053 9818 5064 5249 8248 1314 1070 2757 471 705 279 3617 9744 5221 6076 7544 6184 7194 7162
32 3425 726 1976 780 9549 8050 1944 9451 6296 6069 7071 2647 3124 6721 8378 6624 6565 2485 8133 5651 2460 6285 4253 9684 4173 9004 692 8516 4683 7850 6133 7364
29 6507 7382 8971 3476 2186 8884 971 3170 9425 9883 4140 7068 8558 7860 3894 9290 3287 5880 9647 2402 1757 401 7827 7252 7074 859 5276 4339 9799
28 8980 2793 4318 7442 4933 4553 7359 2542 8877 7108 3121 3321 8650 278 9564 7248 744 8671 8098 2035 9682 6899 9170 6532 3328 9786 7747 2338
29 3709 1512 3972 7698 2736 7575 6822 5022 365 7227 9415 4174 392 9575 4100 9135 4199 2006 1511 9551 2208 3282 9639 9468 8393 3930 6377 8062 202
30 5014 5336 7529 8130 357 3186 5433 2194 5100 5983 2116 2390 376 6895 3677 8982 5081 3325 2271 3445 890 1953 8852 5599 3111 7386 4552 1559 2267 4916
30 820 7545 7871 6635 4046 1123 2024 8746 8572 3427 925 6989 5694 3095 8864 6696 4549 3109 7023 1164 727 8136 2336 9686 2559 2731 7968 3956 6480 819
31 2603 8579 7115 477 5181 9708 1487 8673 6562 2832 2320 7352 67 4930 1401 4167 418 8217 8321 1366 7783 122 4920 7389 7998 344 7107 7029 6442 9841 3227
28 4078 4662 281 5349 2752 5990 703 3619 9495 1427 5793 4047 2610 8435 7623 9547 3886 8196 7208 6469 7506 9541 6342 2978 787 5398 7903 7911
26 1826 4801 811 8120 1380 9242 6099 1149 2303 1317 5238 8859 71 9694 1726 4727 5631 2490 3843 5250 828 6838 3993 1891 7178 7207
27 327 3384 8934 1520 6556 4722 1932 5878 1020 7409 8878 322 6143 7112 1409 9483 5447 6962 801 6682 3787 712 1874 2203 2088 8640 900
26 2922 8961 528 429 3150 8910 8754 8737 6978 4110 9842 4988 8448 1701 947 1606 8757 4812 7495 8021 9449 7967 8955 426 9438 4014
27 4114 6683 3316 421 1276 164 5302 1120 4201 741 2276 430 522 7184 4538 834 5841 8379 5602 9226 3523 9539 714 9476 5926 3468 6173
29 7851 596 8710 7552 6790 443 4313 209 8154 5976 1233 1002 2720 5874 5720 8713 7898 299 1780 9641 6549 767 3655 3081 1449 6667 8270 126 7502
30 3766 9157 4807 5881 7650 9241 8320 851 9133 5278 7610 7334 2148 3543 2428 3463 7564 7206 5464 1471 5641 7454 8252 9813 4407 8164 3979 6626 6898 6148
29 5455 9887 6888 2228 9751 9258 3949 9485 5163 6236 6097 7473 9862 7620 2683 8422 3599 3971 6494 3031 46 7302 2619 3135 6943 2706 2031 6663 8694
29 5604 9538 7011 9735 3283 8991 7800 4185 6015 8213 7525 1933 2977 1968 9359 5409 9683 5692 5799 7550 1157 4849 3002 1718 1287 2308 467 2467 5273
29 2921 5130 1818 4386 8575 4093 4975 9183 3780 2318 6708 3277 5405 6352 3806 7844 8095 3927 3891 268 8795 7057 4810 2079 5521 8110 5859 3901 1397
32 78 1925 7793 6959 6864 7295 4250 9147 8201 6744 8004 3850 9689 8616 8390 3801 2060 1876 6306 226 6964 8656 2605 9605 186 9221 1682 7746 2572 9748 3530 6246
31 6950 7337 5475 4870 6620 2144 7974 4673 3520 7755 597 5781 6590 9750 1044 6388 3393 8871 2475 5642 6628 6443 7956 7434 8888 8706 5615 9710 4197 8092 2791
29 4141 6770 1285 7253 8445 9027 2609 4273 9675 6523 5366 753 5998 6728 5993 4633 4280 1918 8900 6957 1984 6116 6579 2340 7868 6818 3663 1268 6575
27 3123 5583 6032 4628 5857 6994 5406 1304 4062 7400 1003 5782 2800 9299 3616 4240 9046 5655 4972 7565 142 2987 2953 1404 3522 7593 6121
29 6975 2713 8386 7689 7648 5171 4175 2359 3300 7981 3865 5597 2986 9218 6701 7557 6611 7733 5495 9532 9834 1019 6661 4222 8712 8658 8374 7654 3531
30 654 9447 7402 8625 9079 3391 3755 590 1151 74 6344 8260 3955 6025 8038 7233 4839 2108 7999 5980 5267 7814 988 2503 8045 1576 9778 9767 1875 5208
30 4974 1365 6655 5696 7519 7180 3783 4487 5935 8988 1647 2355 2682 4598 4669 3073 193 8461 4541 3539 4770 1332 2764 5243 8169 6907 3607 1184 845 2084
27 4904 3181 68 2963 8751 4867 385 8251 3176 7336 6814 8826 3609 4934 5205 9611 3000 2461 8342 3627 6981 1337 4196 5849 696 9431 6202
29 9925 8440 6463 3762 309 6280 8958 80 9338 8289 9690 648 8335 2019 989 5943 4737 6353 9405 7628 7041 2180 5172 3712 5665 4571 573 7319 4875
27 2635 1833 1424 3333 3518 979 7910 2738 2477 6795 3144 1309 9116 2589 8675 9344 8168 4149 4865 7573 4269 6477 942 2990 882 8298 5240
30 7674 2517 3772 3005 9621 1961 2346 513 4315 4931 8325 9526 4914 7589 9389 3889 6904 4815 803 4085 3852 7634 8069 6592 4267 5359 1115 8024 2620 1099
26 4523 9440 8434 9755 2815 4355 3205 794 8874 4040 1402 9081 8140 2125 2292 9928 9944 7874 8059 293 9450 3729 8241 5685 2213 7936
30 9832 4494 552 2459 5005 4082 6452 8285 8488 1821 1007 7209 8296 1459 7696 4317 2326 2727 6760 4894 3964 7444 1570 826 856 6929 9828 3645 212 1445
28 3387 1752 3361 8781 6936 7986 7773 7719 4377 943 5384 452 2946 4092 3251 7739 5270 9507 2245 285 4439 4932 5155 4366 3940 3092 5489 8307
27 5454 8404 4122 1590 7279 4005 8865 3651 1603 987 1694 7188 9068 305 2283 6376 8702 1625 3690 5164 797 6986 1978 4271 8830 9161 6804
31 295 5008 9747 2599 5456 1264 970 2908 9324 2947 168 2062 9057 5905 1929 664 1221 7218 7848 8973 4876 6122 9210 5765 6569 1800 6932 7837 4526 5007 3517
29 2417 5984 4239 434 1283 3669 9975 3341 2595 3925 5327 798 3246 5767 3674 8614 4836 6083 763 7548 5328 8531 50 6659 6709 3779 8228 6149 2494
27 7584 957 6600 9699 8833 8954 33 7675 4003 3340 4460 1754 6018 2944 6670 9630 5614 3276 3245 3342 155 9631 6499 9705 7801 1946 2497
25 5777 8835 5185 8936 3049 3871 3711 135 3986 6997 5497 4617 1706 6786 4244 2133 9239 6934 3750 8622 9667 8081 8225 8683 7820
27 6812 6001 8399 3099 5117 6746 1009 2679 9231 5121 1166 5259 2560 5443 6851 3869 354 3261 3550 1476 4563 7445 5719 4105 8165 5375 7996
29 7643 3247 2000 4957 5460 9721 184 3185 4864 9771 7355 4658 9311 863 7725 6545 8972 6963 2929 6020 4007 8998 607 9953 9934 1446 2059 4418 4964
28 1641 6425 7394 9669 3347 236 9406 1354 1519 5856 5175 9728 2495 3303 6375 9616 4328 8210 7365 840 9294 9341 9486 7523 5882 1105 936 537
30 1048 9727 2365 7982 9120 5726 7375 9395 7660 4577 7407 4028 5137 1972 2761 2220 4414 3837 3432 4187 4429 329 6825 5358 8188 4369 9863 2306 7422 5666
30 4172 1312 8586 229 238 7538 9437 8993 4272 1168 5818 3147 909 6544 2151 2753 4750 5567 9528 3621 6270 1251 708 2905 809 7604 8750 2075 8479 7326
30 9189 6154 4996 9785 7528 3836 2770 8649 4306 2097 1548 8350 109 805 245 6977 9426 5498 608 2277 7862 1586 8742 6022 9285 3274 8986 1522 2582 3116
28 2446 929 3701 1745 5086 8462 2744 9186 5900 3565 8889 8824 2833 7298 9355 9040 3824 3945 4725 129 3676 8940 8043 1975 448 3872 5473 7368
27 3353 7613 3027 8890 3744 2167 173 2161 4500 7875 3315 3127 9279 7058 3344 9387 247 6685 4781 8467 2374 3352 717 6972 1071 5361 5107
30 6423 280 5973 3659 5333 721 1787 6341 6205 2289 1693 8253 5347 683 7114 998 2708 6940 8396 6505 5338 364 7665 7619 1538 7810 7261 788 9724 5193
29 1813 7511 2855 350 4415 837 4183 9892 5760 5369 6084 2725 8907 7989 8066 9707 7515 1828 1240 7964 748 9603 316 2294 7457 7463 8776 7424 3748
29 6885 1125 336 4917 3557 6464 9394 2470 9733 4997 6820 1867 4002 709 4090 5067 5479 5628 7684 6777 3365 3223 5011 6273 978 480 5774 3159 3642
29 3423 5233 2554 8003 3954 6005 6481 2258 9235 9781 2183 6609 9127 2188 5417 5027 733 4482 4924 2515 1945 1982 876 7734 5864 9947 5609 6564 5486
30 2038 9858 9460 9227 9019 8234 5229 9356 6359 1777 5277 1872 3484 9677 6178 3010 559 3470 7438 2839 4911 6571 6923 5316 7306 4020 7731 3474 8240 1627
26 1711 3128 5815 4050 5102 1521 2136 2937 1242 9375 7531 3686 866 4112 887 8304 9432 2628 3087 7905 7287 2257 7106 2268 3062 2719
26 7080 9589 8400 2293 1644 515 7061 6738 1810 2538 8089 2539 9278 1838 2287 4525 1450 9195 3178 3526 1328 9886 8846 4380 2814 6625
28 5679 773 7695 4717 9899 1681 6500 8577 848 5055 1158 1292 9370 5808 4148 494 4738 370 6132 6194 8951 3947 983 1474 3653 8978 764 2611
28 3060 8432 144 2755 9115 3722 9121 1258 9854 1360 5550 5766 5691 1046 8475 1783 5487 6387 8868 6984 1355 6066 4255 3938 453 9615 5681 9784
29 2139 6931 2836 3932 2343 2775 6299 5457 5159 2689 7268 521 4316 3622 231 7102 9098 2945 812 8537 7070 4208 8102 6702 2964 5725 5734 1991 977
24 602 3775 6623 4249 7957 3318 9745 8036 3130 2735 8159 1948 5820 3896 4656 8804 148 1987 9379 3910 7094 2907 3472 4539
27 3516 3119 5938 2252 8714 2154 8920 200 6711 5329 3839 9845 7702 1819 2224 3231 7168 6468 2102 2529 9514 818 6203 9113 7817 8412 9969
29 6808 7313 7787 3501 9559 7845 35 3151 5223 4562 9274 4822 1023 2465 2576 7431 802 9066 884 9266 8403 9656 5449 2612 7644 5813 4913 6271 4690
30 175 8669 9568 3612 2701 2840 9477 9393 9270 3813 6856 9857 1319 6993 6749 4351 9325 4106 4609 3615 97 6067 6089 614 2454 4798 3041 9003 1001 9741
27 7590 7735 553 1772 5182 5478 9362 5502 8258 3055 8855 7242 5947 5577 1057 8519 1732 4399 5923 6458 5995 5180 7683 5907 1801 7399 3021
33 7759 4634 4568 4803 1059 605 7691 1420 5821 3487 1256 7195 6310 5600 6716 8560 5646 7155 6124 3162 992 6219 1432 5715 808 4320 7281 7166 7726 6722 2968 3529 8799
30 1666 6347 5794 7323 7992 610 4734 9267 323 2931 2052 5811 5579 5909 7587 7126 8276 2047 7961 4806 3270 9013 195 9253 2709 4619 2616 2481 4364 7264
28 7995 5195 7516 4219 7109 9515 706 7327 2687 3912 4095 8623 9821 2080 4098 3096 5662 4946 8171 244 165 3874 6917 7440 1626 2385 9580 2565
34 701 6543 5528 2916 9817 7147 9302 2334 8914 3683 1096 9281 7122 2857 2314 2082 1530 2256 3576 1195 6689 7093 5458 4142 765 9374 88 2104 6784 9164 9829 2804 9481 973
29 4764 7704 4660 2640 2051 7436 1131 2096 8292 8783 5508 3670 2397 5894 4218 5379 6362 645 180 7350 8662 1357 217 7714 7730 4840 6303 1678 7471
30 3875 3075 9820 7014 2769 6177 5949 682 2433 8541 2511 8894 8505 292 7300 1103 7172 6802 6946 4056 1970 4233 3591 9905 3687 1765 9904 7470 5877 7559
29 1572 474 5846 6046 9984 5968 2912 4069 7338 9314 6860 1104 2050 9007 2984 917 3641 6315 6827 8086 3793 3861 5234 3559 9865 7164 1601 5481 8887
29 2820 5837 6796 5031 6374 5868 1300 2774 685 6740 3105 7645 7340 1261 4277 3301 4496 985 8291 3732 5625 9373 6679 8323 8032 9642 4827 824 4625
30 3440 4469 405 5077 7724 1776 4278 8532 3018 413 5304 1988 6085 9233 9217 7238 3250 8529 303 6476 8947 4854 136 1162 7461 5819 621 4954 3868 7134
30 9601 1568 4701 854 3264 3992 4053 930 2531 6312 8493 8668 4019 1935 855 2617 99 8759 2043 9776 5708 9125 162 1331 5380 9766 5275 3970 6598 6405
29 8854 286 457 9352 6237 2137 6049 7379 8469 5322 5192 8892 5451 7919 7075 254 2226 4740 3790 5853 6333 1324 6290 5445 8203 5985 8218 3279 9343
30 5634 3665 8166 2396 5313 5671 8111 4478 9457 1193 5659 1622 4687 5768 3094 5048 4761 7307 2130 5001 8313 2662 3749 4000 6799 4927 2571 6823 2386 1508
27 9282 9826 8297 1835 1505 2201 2106 106 4289 6188 5350 3434 1244 7290 9326 7909 1013 842 976 4982 7954 1018 3713 566 103 282 6511
28 2440 2297 7183 9378 8204 6868 2058 572 6409 1032 6918 5404 9655 8509 6414 958 5187 2181 7133 8496 2787 885 8772 5677 517 6673 4962 2630
29 6933 3832 7030 9756 1822 3139 220 4472 3465 4457 1980 5584 2913 2033 8436 6692 5519 5790 5199 5340 4853 5929 8280 7204 6560 9878 1629 119 496
28 4119 8607 1330 1863 6348 675 8741 5401 6277 6705 4136 8536 2014 5718 1571 5899 9701 1230 2081 7266 3309 6239 6797 730 575 9869 6235 9914
30 9861 5756 915 1860 6748 2168 738 8679 3770 3648 886 7706 8939 3807 3983 4080 3650 8720 4475 7582 6372 6880 3864 2865 3706 1947 2942 3074 6680 5392
27 2854 8246 1704 7191 8693 6618 5596 9240 5293 3545 4533 6581 6192 831 6380 1047 7585 5977 864 5807 4013 3257 1108 4367 9535 5845 8180
26 934 2091 9117 736 9612 6313 8681 5201 4524 2281 1248 4504 6367 1188 2251 8534 6938 5078 2073 2377 5589 2328 7705 3583 2371 3870
27 5260 4501 1437 9492 659 2395 5796 6286 1730 4652 3603 76 2859 5073 8787 1927 2407 2690 4719 3967 8091 8014 6289 235 378 9645 4275
30 746 9692 5721 2169 5520 5797 3019 6652 7142 8700 7135 2100 7432 6386 9824 7493 1535 1613 4654 7003 3414 7646 1026 7140 2824 8515 6002 6573 4556 3436
29 7782 9764 8870 5127 1737 1430 5637 4589 5523 4726 9482 865 6665 9367 4368 9716 8175 7221 9070 3714 2816 1107 9364 9181 7453 2094 2959 3633 7417
28 1965 3827 7031 7331 9520 62 5916 3803 8687 8040 2078 6460 8775 9334 4855 8295 3359 8921 4987 9746 7530 9036 2896 7332 2523 5591 1690 2507
28 2851 9488 4980 8657 9251 4186 4636 4302 6112 5312 4055 4684 1182 2923 7701 8254 8031 2564 8429 3976 944 346 9205 7520 3237 3959 5317 8932
28 9111 9696 626 7581 1049 5066 6826 888 4736 8499 7267 781 3377 1413 4970 3085 100 342 6641 5735 5217 8088 8606 2248 2712 3589 8583 1185
28 2805 5798 9850 5156 4034 215 9540 2158 9531 1431 4374 223 2724 2165 9796 1840 2309 2625 2362 4663 5576 4209 1857 4008 6308 5092 3381 9768
29 526 9890 3169 544 170 9754 7728 1243 2266 9660 5133 83 1960 8185 3441 96 904 1336 9144 6555 1008 4772 9652 1869 7647 2779 2008 8387 697
28 6042 9211 4392 7421 1442 4408 8634 2745 6793 5822 8466 4281 5169 4547 2743 7012 4113 6466 1286 9614 2831 4283 9819 5629 547 8959 9697 9982
28 333 750 4543 6778 1080 3036 73 6676 141 9870 2243 6648 5847 4161 7171 2951 7881 2700 179 7821 3053 1443 3848 8197 1939 5491 5915 6164
29 8019 688 1712 598 8074 3536 1588 1373 3297 4205 5090 4489 2651 642 6763 877 1636 8999 5810 1246 3916 2455 5190 1479 251 8731 6404 2134 7796
28 5046 5467 5914 2003 2013 4887 1344 530 9153 5222 4544 4667 3502 1135 6365 6953 2488 2259 7241 8704 1843 9503 485 8695 3760 1607 9555 1778
29 3117 4949 5532 9304 1220 9462 8609 8646 1064 5704 2068 636 3812 1963 623 5982 4570 9534 9730 8525 5866 5141 4210 6317 8219 1967 1313 277 6479
30 4506 4349 910 7449 2141 629 7430 132 5424 8848 8723 5603 5701 1962 4578 8124 7200 1858 9174 2344 5288 945 7451 9789 2376 6366 6311 5374 8945 7947
28 2772 1425 8850 5134 422 6657 1342 6163 9254 5906 4101 2076 4402 5122 3389 5026 1225 8420 4604 2871 707 9114 1129 6293 6916 9927 4512 9837
30 13 7794 6729 8513 1700 6869 4309 4358 7927 3304 332 9502 4147 5427 585 2278 8401 2447 7079 4357 6064 3597 4569 4850 1957 509 5161 561 5410 4329
29 8551 5388 3630 7481 5258 2166 4627 2644 7880 6553 3320 7802 6693 1698 9414 4226 5565 2653 1640 535 154 2486 4075 4979 399 1393 9687 4775 3708
26 152 7855 8227 8049 3671 3114 2337 4521 1676 3506 8552 3705 1771 4312 14 4059 4035 5636 7160 469 9433 2434 1279 3057 3403 411
26 9155 8366 8566 7579 4739 4694 8478 2525 9178 6171 6098 1091 8279 95 7758 2568 325 3718 8048 8275 3688 9713 6305 6633 2016 4361
26 9049 9561 3640 9702 5713 6779 4116 689 525 1226 8967 8512 643 2225 3662 5493 8186 4441 7535 7736 6774 2046 2567 9463 9968 4594
28 962 5147 2954 9459 2506 9096 4495 7065 2064 3069 3791 4582 3488 603 3461 7681 4843 8587 7943 348 2172 1072 6909 5582 9613 3958 6038 124
31 9997 4830 9791 563 6925 6113 1923 7239 1368 9491 5074 3166 2426 55 8384 3061 3401 7013 2740 1781 4868 1823 7051 7497 2476 6541 9924 9134 2487 2456 2480
29 5062 4574 1113 817 4573 7406 3040 7592 6584 5407 3336 4440 4379 7612 6398 6166 775 5154 3408 6789 4863 6913 6467 4505 1594 638 4237 5042 8392
26 8097 7760 3171 487 3417 2519 8834 7278 7046 8511 7863 1034 1744 5727 8975 5573 3222 3394 6645 3673 695 3098 2627 501 6332 1212
31 3155 1377 6640 2037 3009 4314 8798 8911 5570 9658 3398 3194 527 7549 9207 5732 369 8498 8319 5385 1591 9396 2543 8382 7498 6431 7413 396 7852 7978 6065
29 1587 2381 7096 7173 1100 6275 8439 6985 8831 107 3715 7743 2011 2705 3695 4743 8901 9823 9717 5733 5362 5264 2284 113 6251 6159 8771 7718 9895
28 6424 3233 7708 7458 3268 5151 6379 9315 3489 5301 3989 3286 8821 9434 5962 9673 2419 4534 1624 3789 8881 8202 732 8247 5747 3931 6650 470
28 1386 8383 7380 3735 2747 3537 5435 4452 2001 6472 8358 7039 8769 2017 2534 7893 6698 6617 307 2449 3206 3577 37 6833 7214 6217 2587 6576
30 1753 7946 1816 5751 9384 1715 208 1689 4672 7693 3388 2286 4921 6145 1262 2967 2077 633 6400 9867 6035 7819 4971 3977 2115 1333 4735 5928 9838 519
30 4322 9038 8017 9128 4529 8549 1236 3644 2728 9499 5068 6287 7370 6811 2903 6450 9122 6146 5098 8199 9230 5165 6536 1110 661 7616 439 1550 1851 9556
28 1785 1359 446 3682 9967 3332 43 1836 7024 4856 4443 8659 3981 4157 318 1673 7273 2988 3751 6568 3200 7480 8192 1728 6360 7938 2879 8395
29 5057 1204 7448 3312 5116 8766 9229 484 9149 4888 5501 4344 3011 9800 604 2206 9659 3880 463 8825 5203 4427 3699 3424 2533 8068 3962 5050 9827
31 6613 23 3258 2205 8745 3696 9874 4788 308 8581 9006 2835 6651 4376 6951 4180 1170 5752 1122 1169 2492 4595 1729 1478 9318 8770 8244 3668 2850 1773 9600
27 4071 3482 4802 5400 2801 996 4348 358 3362 2474 7237 8814 3108 3400 1763 9626 7398 5722 3221 6548 4155 4905 1316 3120 2099 8898 969
28 7833 4246 2649 667 9268 7381 956 7748 974 3035 8437 7560 6187 8761 8223 6119 4164 5123 631 6803 5892 1153 5300 1951 6867 2441 3826 2661
27 8315 4632 3867 1890 3411 6262 6622 7117 7111 576 391 9812 9952 1128 8149 6453 9021 1231 5139 4225 723 4613 6478 9900 1369 6240 4184
29 1769 4398 8468 810 4937 7985 9980 7086 5303 1411 1326 4292 7672 4823 8352 4862 3437 2697 444 9758 1296 7391 5932 1546 9020 4381 8195 7697 7899
29 558 2550 8125 7922 1325 5436 3479 9533 1306 6630 7305 6183 1371 5848 5075 3853 7889 588 2420 8817 1463 9313 7818 5381 4741 7788 3349 265 960
29 2182 1040 8503 7161 5308 6322 6551 3556 4117 8476 3494 9466 6406 5716 2527 6714 5252 5038 8054 3475 4626 9369 2392 1716 5391 516 2516 1350 5674
27 493 7487 89 3373 5416 81 5010 9994 8593 3379 1825 1919 5367 1853 8990 2972 2128 8016 272 6071 5872 754 3157 4346 4461 6061 7917
29 6669 7343 7358 7969 432 8765 792 541 5911 8013 4127 2780 6601 3054 2185 4623 5236 4842 807 5421 5743 3823 4265 2405 4984 5256 1473 2952 4821
24 7245 5149 9522 2140 9772 1994 1998 4190 363 5578 7443 1467 914 8688 4051 4070 2650 4198 8428 2883 9112 5032 2895 2217
29 2863 9104 1410 291 3412 8368 6686 2403 7664 9910 1908 9809 1796 6026 4676 8996 2806 4742 6875 9965 6805 9972 5686 1815 749 4947 2807 9109 3399
31 2098 8128 554 3302 3322 1608 2768 5126 8756 6128 2021 9798 790 5964 8931 9833 1223 8732 5924 9525 2723 8208 6525 7269 2575 7512 4608 1943 5667 8216 2518
29 8099 1030 6151 3694 1600 9391 9456 4387 4953 1532 59 4401 9964 6612 9261 7882 5648 1033 5931 7547 1703 6723 1900 4042 2834 9916 7839 5991 6906
29 7828 8545 5595 2012 9273 3716 167 1222 5772 2892 6800 1215 9216 5118 6182 337 9876 2658 5242 7476 1043 1065 4859 8739 1685 2214 8660 2902 9354
31 138 1035 2777 9385 3291 1612 8365 2247 2788 6690 5036 3407 5834 8332 861 5606 2549 5827 8414 6759 9901 6383 7274 7659 4705 4061 6506 9731 8768 6055 1289
28 6603 2335 4896 9627 7016 4282 6218 4432 3078 1045 1405 6735 6873 6743 3129 386 8041 9985 4711 9574 3133 1031 2383 8749 5559 8236 4585 4171
27 2993 9213 5136 1036 6382 6922 9831 7349 6747 6473 4785 1643 3273 609 8807 5652 5484 1645 7064 9566 2773 963 5017 6415 287 6952 6491
27 660 2864 2263 6410 2221 320 311 3887 4579 7387 8861 7321 8796 9424 3961 52 2026 4991 4333 423 4362 3838 3450 3547 8272 7004 2623
28 2452 8406 8977 3462 6284 504 6866 2179 2960 4691 5592 3454 92 1873 169 8960 5422 1806 4846 9926 9722 9063 2065 7807 5430 1295 3769 7456
30 5831 4474 5942 1926 4629 949 2298 435 8840 9634 3546 7076 2408 5306 7035 7033 4955 7292 424 246 2958 4968 8647 6260 634 9143 6988 5618 7854 9138
30 9215 3104 7984 26 4151 4976 393 7489 2310 7916 8588 1545 1683 4293 7990 6471 5786 2593 7143 19 7716 9298 4537 8838 6053 8554 843 4643 283 9941
26 6392 6257 7475 9930 1597 3757 2391 9461 7597 3280 3507 7846 339 3220 4776 2219 9674 3327 9085 4206 8521 821 5515 192 9071 7568
30 9988 2198 5492 16 952 4304 4486 9439 9059 8458 7955 1749 8857 4295 6272 3026 3102 2231 507 599 847 1284 7913 8126 7857 3998 2505 9505 8167 6172
30 3256 2803 9506 1152 4587 9537 7201 7369 4630 230 5311 997 9158 2645 4851 2508 2432 4043 1910 9005 2750 4073 29 1731 9065 486 3734 4890 946 5320
31 5919 9194 7569 3385 6509 9640 7286 9467 7541 841 9442 7950 8507 1847 9763 1719 5956 4555 538 759 176 4220 9715 8127 5039 4450 6356 3406 3226 6974 4131
26 7822 4989 3643 9175 5829 2873 4795 150 9949 6697 1389 259 3028 9712 903 17 2596 2827 3093 3862 351 6201 497 7371 1503 1993
29 7937 4671 2890 6402 1429 2218 4703 7561 2562 1692 7328 8611 2790 125 9552 4421 5643 5688 8259 4686 7599 2621 9176 2285 2885 4517 574 6498 6088
32 9435 3756 1734 61 2570 9484 6554 147 4828 3430 8309 7243 1460 8721 9365 4417 2348 7212 3204 3329 1252 4211 5656 7562 6771 2483 3219 2422 7156 7435 5216 8009
29 4960 3968 9584 3598 5298 9625 6519 7768 4545 789 2509 2656 1952 1885 1517 9757 9513 478 72 1356 4755 5792 932 8520 9517 1634 3697 2957 6413
28 1577 9417 5476 7976 2101 5167 2435 2846 6256 7275 2897 5611 2675 6591 3684 5594 7591 3244 9644 6401 3726 9101 8555 1881 5780 5621 6732 1635
27 7609 188 5566 593 9825 8454 3904 7468 8655 7036 4032 9300 1507 5971 2216 6058 829 5283 3689 312 6248 7711 7396 9041 8596 836 7460
30 6638 1831 7397 3201 3707 5318 6007 3858 1759 3785 7190 2924 4873 7459 2657 6483 8908 4522 3602 2684 5750 4899 6608 8163 9335 8736 7930 7861 1315 6207
30 1817 766 702 6961 7116 9590 5348 3741 9380 1767 6824 1526 8189 5817 9959 8780 4129 3376 5773 9920 7403 7904 1782 5225 2261 6153 8484 8353 9882 1766
26 3236 1595 8027 2145 6995 5360 8494 8423 465 9760 7059 4132 3132 4276 3370 955 481 2639 5099 1902 6583 5560 7280 9422 2556 5823
29 9714 1143 9470 6363 8820 1042 4394 6419 9327 2799 4153 8734 510 6176 6399 6418 1496 9419 3728 6894 1513 506 3498 5728 1518 9579 2789 5551 4915
28 445 2607 5934 1862 2048 7721 5323 3934 5975 3794 7928 9187 7740 9902 6439 3895 3596 1058 4508 7469 3165 6911 4631 8117 5285 1136 1791 6632
28 7633 3581 7720 2604 8906 1659 5525 9329 134 9310 2274 6268 532 6813 3849 1936 9588 8200 6768 646 875 4668 3593 4848 7354 7770 7553 8753
26 7148 7781 4994 5895 7790 6816 1784 2142 5355 1423 3743 8222 986 5833 2869 3535 4299 7624 9009 8809 7301 7583 8637 4580 2143 9643
27 5954 3210 5564 3149 8613 2339 9909 6057 1882 1310 1290 8413 6082 3382 751 1416 3939 2200 8271 657 6108 6858 4884 9698 6029 1533 1298
28 7324 2202 6819 7543 7667 6304 7896 1802 4158 995 4168 933 5352 2004 9455 9177 6837 7676 2029 9401 867 206 5873 1995 6408 5536 6513 2367
25 3145 9246 3656 8733 7383 1794 7299 2794 437 1671 546 6976 387 673 1866 9276 1973 3737 8457 410 3023 5764 1705 7997 2783
28 6197 9445 5245 9236 3763 3164 8410 9939 4325 1118 8760 6672 1585 3629 8915 7018 3605 2484 2453 8856 9843 9402 296 2778 5805 2881 9866 8805
27 2672 2163 3496 2874 4480 1241 5058 1302 8042 313 8214 2178 3795 2817 2015 6106 6050 3754 4786 4606 5145 8633 3369 4412 2119 9018 9192
27 7136 5097 2442 7744 5082 4307 2027 468 7257 2120 2520 9160 8329 6841 1977 2113 2112 7627 1455 11 4039 6688 79 9586 2829 1738 3107
30 8849 6330 3179 9366 1983 5128 9150 8421 4076 6244 6615 1219 5382 6893 9072 6684 3942 3692 6204 8155 6939 6087 2458 9638 2784 5946 3354 4352 9650 7021
30 4804 9543 6152 6168 5423 6485 2622 3203 8641 7745 9067 7939 8145 225 3568 8578 6492 4648 9345 8459 6373 4029 4324 9536 6335 3943 9542 9293 7322 2423
27 207 2648 476 5529 2526 2036 8957 7513 9044 4559 1092 4375 133 1308 7853 407 8034 6792 967 3933 7452 5709 8535 8018 3451 3404 9873
27 1141 6845 90 5324 3781 9123 684 1854 8256 2919 1011 9654 832 9060 7779 461 8827 1006 6034 6243 8508 1447 7524 77 5215 5507 8879
31 993 7006 4951 4091 5310 1907 5499 2536 9851 7097 7522 9780 5018 9490 2730 533 5978 6403 8866 9896 6043 9245 1658 5776 889 240 6762 7966 7474 2956 3143
31 5465 3076 6265 3921 4966 931 2677 1592 5639 1797 9500 9993 3416 143 9091 9668 2821 9262 9017 3372 7780 1722 3032 1506 4468 6086 2691 806 9991 9349 2007
29 4616 3628 2152 6493 82 6794 630 4134 425 5802 4958 9917 9332 5803 1352 5299 6861 1654 3007 7685 6031 9146 9602 7128 2721 731 2999 7885 6588
28 2636 7047 9200 4436 5598 7144 8257 1440 8377 2175 7784 70 4021 403 3449 838 1894 1832 6905 9162 5605 7749 7657 3154 1209 2828 9971 3444
29 3042 8654 6664 5668 4126 5224 771 3429 9737 1516 38 5000 4599 1418 2893 3211 112 8480 8156 4670 6118 4242 8160 3438 2962 5870 9358 9782 5638
29 8995 3902 862 3937 2933 8950 4834 289 1203 3558 4444 8477 569 2124 1490 1498 8489 5775 1117 6110 1101 1528 3572 4783 7713 3457 1323 5717 3570
30 7914 395 1468 6475 2573 5910 1217 8791 4193 6385 5509 4564 3435 3771 4011 3786 5730 3319 7578 8230 7825 201 4744 8075 6631 8567 2866 6074 2668 9604
28 9340 377 314 4088 3324 3259 4001 6634 2410 1679 3313 6862 9372 4985 406 895 6438 5239 4010 2272 5111 6047 267 9950 4490 617 6960 2157
32 9742 1846 6857 7230 678 9856 8442 5784 383 9220 2083 2030 1723 39 5689 4294 2845 2741 4845 7834 4162 3433 6346 1814 6801 3542 5158 9576 6901 4793 4767 4347
28 8407 8590 6482 9129 5945 8176 93 3420 3037 7629 7761 1395 9309 4371 3963 6644 6621 5331 500 438 8930 5684 1501 4012 9034 5196 8918 7153
26 601 9360 182 7929 4442 7980 1593 9880 8274 7401 2928 9249 9043 512 4340 3890 1741 3773 935 269 9657 5575 3946 6637 8589 4789
26 4077 3704 8952 9966 2212 2053 6703 9898 8316 2558 2891 8035 1621 2464 6226 4509 8269 2665 7797 7686 2669 752 1786 860 3030 2528
28 9872 7186 3765 9646 3524 1515 7087 6395 1895 6872 9012 778 331 7288 7586 984 7385 3567 6725 8303 6023 9333 7897 1181 7804 9100 8351 694
27 1109 8299 7395 7309 4650 2767 9907 7572 3079 3821 4396 2867 1747 198 6338 7888 3113 355 5047 8361 8411 4790 3527 6490 321 9296 7272
27 666 2156 6785 6231 2239 6123 3033 2232 4370 1680 6707 5289 345 3944 3747 9050 1351 5131 9511 3915 1534 4426 5660 2211 4384 1672 6179
29 3877 9913 9940 6102 2358 2375 2331 6186 734 2522 2808 4456 1321 8255 9390 2193 2692 440 9337 2676 3115 5992 7987 7618 5809 5543 3957 2936 8670
28 1938 4166 40 8053 8697 6580 679 3647 6567 6357 9979 5428 6253 2369 3657 9264 9471 9779 1075 1569 9132 6840 6209 640 6327 451 7608 1596
28 8090 2414 548 5247 2430 6753 6710 1340 8441 219 7091 258 9769 5072 6653 1906 9509 7314 3217 9938 1274 4624 2360 1812 1486 8037 4235 8465
28 3815 7539 8481 2195 2394 6036 1299 1725 9339 8122 3392 8844 6174 2970 6930 6180 3293 7433 1582 7372 9048 7263 1318 1375 7521 3072 518 4331
28 5370 7494 8592 5553 4455 3266 1165 8093 6389 8322 6037 9087 7377 8899 6780 7043 1063 388 414 4202 8 6070 7600 3948 5549 6266 2786 4678
30 2378 7205 5903 874 5612 6677 3267 745 3195 111 9835 84 1742 3368 8601 8283 6518 4118 3822 9516 3564 4445 4342 8576 3214 641 3985 7123 7315 5885
28 4852 6956 6578 7384 9382 9719 4221 1167 4194 8728 9976 8943 7830 6137 3700 5104 4207 8837 5043 1748 3397 5452 8836 44 41 4353 224 3595
29 8546 523 1751 2384 404 768 8968 1657 3156 7876 3431 8976 5441 8639 9002 713 4614 9596 8491 6314 1696 6158 7465 5120 2393 8782 9987 8187 2296
31 5354 352 5069 1139 2614 2664 8293 2242 4385 7580 6233 8794 8284 1436 5840 4288 4471 8190 4610 3594 6839 4778 1755 3990 7073 3426 3510 7970 4592 7066 7215
28 3265 6720 8356 3064 676 3122 3225 6446 420 1089 4497 5699 2852 3585 4213 9119 649 6417 8608 672 9775 5518 2437 5702 1119 2848 9188 233
29 5955 4794 5898 3866 6444 7621 7605 5177 1253 5700 5547 9545 123 7104 6502 2324 6726 7353 2246 4405 5858 7085 3358 880 7601 196 2067 5178 419
30 9328 839 2512 1250 3443 3335 7840 4083 5012 5429 3191 3834 1102 5132 1830 4378 7737 3184 7447 1426 2127 5762 8922 8556 442 4973 8305 8928 4256 9255
28 8644 7216 1192 6756 5020 1093 9055 7915 4874 4446 7727 2184 6063 4637 9570 7622 7129 923 8138 9142 8806 5710 6593 9277 2510 5054 7270 4978
29 1472 8039 4170 968 9974 343 7028 5748 431 9056 868 3817 6510 8334 2010 4424 9560 2792 2941 9807 3296 8430 5649 2250 8002 3311 7002 6810 3082
27 3160 1060 3579 9811 5448 4639 7412 8328 2541 8398 2552 1493 7007 7025 9024 5485 5989 7510 9429 2688 6886 7055 2638 3988 6755 3918 6835
28 4049 5939 8286 9219 8584 216 3486 1485 9317 1861 6224 8455 2686 2114 5695 3814 2087 5986 8161 1510 5004 3613 8929 4584 47 7921 5836 7234
30 3562 1191 9635 8875 4400 4165 7865 7944 3439 9954 5474 8067 3631 3635 4749 5330 4120 9312 9169 7181 6678 6193 1090 4102 2074 1930 9679 7843 2215 3386
30 4473 3240 5049 4169 9797 9224 6351 1969 2918 5396 4264 7484 1329 2389 6829 4551 9232 1886 2886 4359 1273 8664 5437 2109 5337 9759 1428 9094 9015 9418
29 3611 846 3460 3260 3278 5658 5783 964 9853 5879 3797 7785 2316 9501 7344 9931 3067 8139 2660 3255 853 3966 3538 459 1347 6704 3308 2431 6279
28 8724 5535 9441 9685 9884 7603 8966 1996 8263 2624 9093 2547 5124 5332 3034 274 2462 505 6120 5431 5676 9610 8985 7972 1396 2273 9607 7652
28 9284 3209 3878 4068 1964 7249 1674 0 1028 6847 8391 8294 239 4343 475 7124 9209 1341 7832 8869 2733 3307 1086 4510 3909 4680 2349 7049
33 3363 2823 27 3911 5632 2914 8663 5166 3541 6274 194 7670 4130 1163 6368 3730 4813 8148 6594 3639 9553 1720 6232 260 2196 9859 3483 7228 1281 6533 9398 1327 8096
27 570 5645 8523 7042 5207 4476 4567 5228 6971 110 4435 9497 8426 8621 815 7546 4321 8984 2861 5888 4912 8763 2926 6136 4274 6947 7775
26 671 3782 2482 6445 9963 2838 2674 4889 5749 7423 8956 8137 9453 3512 5212 6775 3077 2932 622 8302 8533 7858 8061 4998 3540 3876
26 9321 6791 4797 4099 3455 791 7054 1888 5496 257 6354 4430 6457 9877 9103 4133 9271 4022 3294 6241 8243 737 5344 3816 6639 7688
28 4661 9960 1364 5345 8324 4195 7679 8239 1194 6675 4679 3548 7072 4925 3175 5373 5731 1495 7225 3761 3658 8344 8388 25 9805 4762 1739 9527
28 4760 1764 9868 8143 6474 6815 4948 5759 4044 6606 3146 1320 9458 1914 1439 7803 7813 3056 7479 9234 1663 6455 5184 4531 4532 7764 1551 8909
27 8057 1187 4057 7752 1422 9816 6292 3917 9943 926 5183 7815 1915 8722 4943 2034 5399 508 7507 6259 4729 9193 6141 7738 1464 5029 4087
26 8346 8730 6245 4279 3 5724 221 7598 5757 8238 7847 9704 4382 6228 3458 7236 241 2598 5745 1699 2729 7125 6012 4422 1954 5517
27 5500 2996 8177 7694 3914 3907 3851 6727 3587 1477 7503 6238 5063 7346 3525 7081 2227 3776 7098 6700 4024 5558 2063 3014 624 869 2994
28 5262 5041 7219 4715 7769 7408 3326 4799 1307 6138 5291 2606 3390 9923 5477 7196 5013 3378 8703 9663 8101 114 9881 121 6008 7841 9404 9212
27 8709 3025 7251 8464 3764 5307 5138 2797 1121 2646 715 4515 5974 9448 7069 1848 5357 7333 1159 8557 6926 1527 455 2938 1288 8619 3554
29 5552 2146 9166 3951 879 7637 466 6764 8486 8944 1435 3563 5162 7792 8338 4109 263 4054 3193 1523 3466 5979 6855 1297 5408 4936 8416 4866 9770
30 4753 3288 1807 8547 7416 571 8992 2673 9172 9808 5403 972 6999 2998 9118 5202 8860 6850 2910 5927 9269 8173 2162 8902 1714 31 2915 6830 8114 6627
31 9594 9288 6200 5206 2469 3367 6016 9504 2868 2489 902 1132 833 3982 249 1452 5214 5590 9624 5246 7632 9801 2742 7250 6281 948 8559 2345 5970 3857 7492
